<?xml version="1.0" encoding="UTF-8"?>
<robot generator="Robot 6.1.1 (Python 3.11.5 on win32)" generated="20241221 08:33:36.351" rpa="false" schemaversion="4">
<suite id="s1" name="MakeMyTrip Scenarios" source="C:\Users\Mrunalinee\PycharmProjects\MakeMyTrip_Scenarios">
<suite id="s1-s1" name="TestCases" source="C:\Users\Mrunalinee\PycharmProjects\MakeMyTrip_Scenarios\TestCases">
<suite id="s1-s1-s1" name="Hotel" source="C:\Users\Mrunalinee\PycharmProjects\MakeMyTrip_Scenarios\TestCases\Hotel">
<suite id="s1-s1-s1-s1" name="Search Testcases" source="C:\Users\Mrunalinee\PycharmProjects\MakeMyTrip_Scenarios\TestCases\Hotel\search_testcases.robot">
<test id="s1-s1-s1-s1-t1" name="TC_02 Verify Hotel Search Results Are Displayed According To The Price Filter" line="23">
<kw name="Open Air Application" library="search_keyword" type="SETUP">
<kw name="Open Browser" library="SeleniumLibrary">
<arg>${air_application_url}</arg>
<arg>${browser}</arg>
<doc>Opens a new browser instance to the optional ``url``.</doc>
<msg timestamp="20241221 08:33:37.262" level="INFO">Opening browser 'chrome' to base url 'https://www.makemytrip.com/'.</msg>
<status status="PASS" starttime="20241221 08:33:37.262" endtime="20241221 08:33:42.813"/>
</kw>
<kw name="Set Window Size" library="SeleniumLibrary">
<arg>${window_height}</arg>
<arg>${window_width}</arg>
<doc>Sets current windows size to given ``width`` and ``height``.</doc>
<status status="PASS" starttime="20241221 08:33:42.813" endtime="20241221 08:33:43.180"/>
</kw>
<status status="PASS" starttime="20241221 08:33:37.262" endtime="20241221 08:33:43.180"/>
</kw>
<kw name="Fetch Testdata By Id" library="FetchTestData">
<var>${search_data}</var>
<arg>${search_td}</arg>
<arg>search_hotel_data</arg>
<arg>TC_02</arg>
<msg timestamp="20241221 08:33:43.194" level="INFO">${search_data} = {'TC_ID': 'TC_02', 'City': 'Delhi', 'Month': 'December', 'CheckInDate': 29, 'CheckOutDate': 30, 'Room': 2, 'NoOfAdult': 2, 'NoOfChildren': 2, 'AgeOfChild': 2, 'Class': 'Economy', 'SelectPrefereedAirli...</msg>
<status status="PASS" starttime="20241221 08:33:43.180" endtime="20241221 08:33:43.194"/>
</kw>
<kw name="Select City Or Location Name" library="search_keyword">
<arg>${search_data}</arg>
<kw name="Create Dictionary" library="BuiltIn">
<var>${my_dict}</var>
<arg>&amp;{search_data}</arg>
<doc>Creates and returns a dictionary based on the given ``items``.</doc>
<msg timestamp="20241221 08:33:43.194" level="INFO">${my_dict} = {'TC_ID': 'TC_02', 'City': 'Delhi', 'Month': 'December', 'CheckInDate': 29, 'CheckOutDate': 30, 'Room': 2, 'NoOfAdult': 2, 'NoOfChildren': 2, 'AgeOfChild': 2, 'Class': 'Economy', 'SelectPrefereedAirli...</msg>
<status status="PASS" starttime="20241221 08:33:43.194" endtime="20241221 08:33:43.194"/>
</kw>
<kw name="Sleep" library="BuiltIn">
<arg>3s</arg>
<doc>Pauses the test executed for the given time.</doc>
<msg timestamp="20241221 08:33:46.194" level="INFO">Slept 3 seconds</msg>
<status status="PASS" starttime="20241221 08:33:43.194" endtime="20241221 08:33:46.194"/>
</kw>
<kw name="Click Element" library="SeleniumLibrary">
<arg>${cross_button}</arg>
<doc>Click the element identified by ``locator``.</doc>
<msg timestamp="20241221 08:33:46.194" level="INFO">Clicking element '//span[@class="commonModal__close"]'.</msg>
<status status="PASS" starttime="20241221 08:33:46.194" endtime="20241221 08:33:46.354"/>
</kw>
<kw name="Click Element" library="SeleniumLibrary">
<arg>${hotel_link}</arg>
<doc>Click the element identified by ``locator``.</doc>
<msg timestamp="20241221 08:33:46.354" level="INFO">Clicking element '//a[@href="https://www.makemytrip.com/hotels/"]'.</msg>
<status status="PASS" starttime="20241221 08:33:46.354" endtime="20241221 08:33:46.504"/>
</kw>
<kw name="Wait Until Element Is Visible" library="SeleniumLibrary">
<arg>${max_room_text}</arg>
<doc>Waits until the element ``locator`` is visible.</doc>
<status status="PASS" starttime="20241221 08:33:46.504" endtime="20241221 08:33:46.754"/>
</kw>
<kw name="Click Element" library="SeleniumLibrary">
<arg>${city_field}</arg>
<doc>Click the element identified by ``locator``.</doc>
<msg timestamp="20241221 08:33:46.755" level="INFO">Clicking element '//input[@id="city"]'.</msg>
<status status="PASS" starttime="20241221 08:33:46.755" endtime="20241221 08:33:46.866"/>
</kw>
<kw name="Wait Until Element Is Visible" library="SeleniumLibrary">
<arg>${input_city_field}</arg>
<doc>Waits until the element ``locator`` is visible.</doc>
<status status="PASS" starttime="20241221 08:33:46.866" endtime="20241221 08:33:47.540"/>
</kw>
<kw name="Input Text" library="SeleniumLibrary">
<arg>${input_city_field}</arg>
<arg>${my_dict.City}</arg>
<doc>Types the given ``text`` into the text field identified by ``locator``.</doc>
<msg timestamp="20241221 08:33:47.540" level="INFO">Typing text 'Delhi' into text field '//input[@placeholder="Where do you want to stay?"]'.</msg>
<status status="PASS" starttime="20241221 08:33:47.540" endtime="20241221 08:33:47.627"/>
</kw>
<kw name="Wait Until Element Is Visible" library="SeleniumLibrary">
<arg>${city}</arg>
<doc>Waits until the element ``locator`` is visible.</doc>
<status status="PASS" starttime="20241221 08:33:47.627" endtime="20241221 08:33:48.310"/>
</kw>
<kw name="Click Element" library="SeleniumLibrary">
<arg>${city}</arg>
<doc>Click the element identified by ``locator``.</doc>
<msg timestamp="20241221 08:33:48.310" level="INFO">Clicking element '(//div[@class="hw__searchedResultChild clickable appendLeft5"])[1]'.</msg>
<status status="PASS" starttime="20241221 08:33:48.310" endtime="20241221 08:33:48.434"/>
</kw>
<status status="PASS" starttime="20241221 08:33:43.194" endtime="20241221 08:33:48.434"/>
</kw>
<kw name="Select Check In Date And Check Out Date" library="search_keyword">
<arg>${search_data}</arg>
<kw name="Create Dictionary" library="BuiltIn">
<var>${my_dict}</var>
<arg>&amp;{search_data}</arg>
<doc>Creates and returns a dictionary based on the given ``items``.</doc>
<msg timestamp="20241221 08:33:48.434" level="INFO">${my_dict} = {'TC_ID': 'TC_02', 'City': 'Delhi', 'Month': 'December', 'CheckInDate': 29, 'CheckOutDate': 30, 'Room': 2, 'NoOfAdult': 2, 'NoOfChildren': 2, 'AgeOfChild': 2, 'Class': 'Economy', 'SelectPrefereedAirli...</msg>
<status status="PASS" starttime="20241221 08:33:48.434" endtime="20241221 08:33:48.434"/>
</kw>
<kw name="Replace String" library="String">
<var>${check_in_date_replaced}</var>
<arg>${check_in_date}</arg>
<arg>Month</arg>
<arg>${my_dict.Month}</arg>
<doc>Replaces ``search_for`` in the given ``string`` with ``replace_with``.</doc>
<msg timestamp="20241221 08:33:48.434" level="INFO">${check_in_date_replaced} = //div[@class="DayPicker-Caption"]/child::div[contains(text(),"December")]/parent::div/following-sibling::div[@class="DayPicker-Body"]//div[@class="DayPicker-Week"]/child::div[text()="Date"]</msg>
<status status="PASS" starttime="20241221 08:33:48.434" endtime="20241221 08:33:48.434"/>
</kw>
<kw name="Convert To String" library="BuiltIn">
<var>${check_in}</var>
<arg>${my_dict.CheckInDate}</arg>
<doc>Converts the given item to a Unicode string.</doc>
<msg timestamp="20241221 08:33:48.434" level="INFO">${check_in} = 29</msg>
<status status="PASS" starttime="20241221 08:33:48.434" endtime="20241221 08:33:48.434"/>
</kw>
<kw name="Replace String" library="String">
<var>${check_in_date}</var>
<arg>${check_in_date_replaced}</arg>
<arg>Date</arg>
<arg>${check_in}</arg>
<doc>Replaces ``search_for`` in the given ``string`` with ``replace_with``.</doc>
<msg timestamp="20241221 08:33:48.434" level="INFO">${check_in_date} = //div[@class="DayPicker-Caption"]/child::div[contains(text(),"December")]/parent::div/following-sibling::div[@class="DayPicker-Body"]//div[@class="DayPicker-Week"]/child::div[text()="29"]</msg>
<status status="PASS" starttime="20241221 08:33:48.434" endtime="20241221 08:33:48.434"/>
</kw>
<kw name="Click Element" library="SeleniumLibrary">
<arg>${check_in_date}</arg>
<doc>Click the element identified by ``locator``.</doc>
<msg timestamp="20241221 08:33:48.434" level="INFO">Clicking element '//div[@class="DayPicker-Caption"]/child::div[contains(text(),"December")]/parent::div/following-sibling::div[@class="DayPicker-Body"]//div[@class="DayPicker-Week"]/child::div[text()="29"]'.</msg>
<status status="PASS" starttime="20241221 08:33:48.434" endtime="20241221 08:33:48.554"/>
</kw>
<kw name="Replace String" library="String">
<var>${check_out_date_replaced}</var>
<arg>${check_out_date}</arg>
<arg>Month</arg>
<arg>${my_dict.Month}</arg>
<doc>Replaces ``search_for`` in the given ``string`` with ``replace_with``.</doc>
<msg timestamp="20241221 08:33:48.554" level="INFO">${check_out_date_replaced} = //div[@class="DayPicker-Caption"]/child::div[contains(text(),"December")]/parent::div/following-sibling::div[@class="DayPicker-Body"]//div[@class="DayPicker-Week"]/child::div[text()="Date"]</msg>
<status status="PASS" starttime="20241221 08:33:48.554" endtime="20241221 08:33:48.554"/>
</kw>
<kw name="Convert To String" library="BuiltIn">
<var>${check_out}</var>
<arg>${my_dict.CheckOutDate}</arg>
<doc>Converts the given item to a Unicode string.</doc>
<msg timestamp="20241221 08:33:48.554" level="INFO">${check_out} = 30</msg>
<status status="PASS" starttime="20241221 08:33:48.554" endtime="20241221 08:33:48.554"/>
</kw>
<kw name="Replace String" library="String">
<var>${check_out_date}</var>
<arg>${check_out_date_replaced}</arg>
<arg>Date</arg>
<arg>${check_out}</arg>
<doc>Replaces ``search_for`` in the given ``string`` with ``replace_with``.</doc>
<msg timestamp="20241221 08:33:48.554" level="INFO">${check_out_date} = //div[@class="DayPicker-Caption"]/child::div[contains(text(),"December")]/parent::div/following-sibling::div[@class="DayPicker-Body"]//div[@class="DayPicker-Week"]/child::div[text()="30"]</msg>
<status status="PASS" starttime="20241221 08:33:48.554" endtime="20241221 08:33:48.554"/>
</kw>
<kw name="Click Element" library="SeleniumLibrary">
<arg>${check_out_date}</arg>
<doc>Click the element identified by ``locator``.</doc>
<msg timestamp="20241221 08:33:48.554" level="INFO">Clicking element '//div[@class="DayPicker-Caption"]/child::div[contains(text(),"December")]/parent::div/following-sibling::div[@class="DayPicker-Body"]//div[@class="DayPicker-Week"]/child::div[text()="30"]'.</msg>
<status status="PASS" starttime="20241221 08:33:48.554" endtime="20241221 08:33:48.655"/>
</kw>
<status status="PASS" starttime="20241221 08:33:48.434" endtime="20241221 08:33:48.655"/>
</kw>
<kw name="Select Room And Guest Details" library="search_keyword">
<var>${room_count}</var>
<var>${children_count}</var>
<arg>${search_data}</arg>
<kw name="Create Dictionary" library="BuiltIn">
<var>${my_dict}</var>
<arg>&amp;{search_data}</arg>
<doc>Creates and returns a dictionary based on the given ``items``.</doc>
<msg timestamp="20241221 08:33:48.655" level="INFO">${my_dict} = {'TC_ID': 'TC_02', 'City': 'Delhi', 'Month': 'December', 'CheckInDate': 29, 'CheckOutDate': 30, 'Room': 2, 'NoOfAdult': 2, 'NoOfChildren': 2, 'AgeOfChild': 2, 'Class': 'Economy', 'SelectPrefereedAirli...</msg>
<status status="PASS" starttime="20241221 08:33:48.655" endtime="20241221 08:33:48.655"/>
</kw>
<kw name="Click Element" library="SeleniumLibrary">
<arg>${room_field}</arg>
<doc>Click the element identified by ``locator``.</doc>
<msg timestamp="20241221 08:33:48.655" level="INFO">Clicking element '//div[@class="gstSlct"]/span[@data-testid="room_count"]'.</msg>
<status status="PASS" starttime="20241221 08:33:48.655" endtime="20241221 08:33:48.749"/>
</kw>
<kw name="Convert To String" library="BuiltIn">
<var>${room}</var>
<arg>${my_dict.Room}</arg>
<doc>Converts the given item to a Unicode string.</doc>
<msg timestamp="20241221 08:33:48.749" level="INFO">${room} = 2</msg>
<status status="PASS" starttime="20241221 08:33:48.749" endtime="20241221 08:33:48.749"/>
</kw>
<kw name="Replace String" library="String">
<var>${input_room_count}</var>
<arg>${input_room_field}</arg>
<arg>RoomCount</arg>
<arg>${room}</arg>
<doc>Replaces ``search_for`` in the given ``string`` with ``replace_with``.</doc>
<msg timestamp="20241221 08:33:48.749" level="INFO">${input_room_count} = //li[@data-cy="GuestSelect$$_323"][2]</msg>
<status status="PASS" starttime="20241221 08:33:48.749" endtime="20241221 08:33:48.749"/>
</kw>
<kw name="Click Element" library="SeleniumLibrary">
<arg>${input_room_count}</arg>
<doc>Click the element identified by ``locator``.</doc>
<msg timestamp="20241221 08:33:48.749" level="INFO">Clicking element '//li[@data-cy="GuestSelect$$_323"][2]'.</msg>
<status status="PASS" starttime="20241221 08:33:48.749" endtime="20241221 08:33:48.841"/>
</kw>
<kw name="Get Text" library="SeleniumLibrary">
<var>${room_count}</var>
<arg>${room_field}</arg>
<doc>Returns the text value of the element identified by ``locator``.</doc>
<msg timestamp="20241221 08:33:48.873" level="INFO">${room_count} = 2</msg>
<status status="PASS" starttime="20241221 08:33:48.841" endtime="20241221 08:33:48.873"/>
</kw>
<kw name="Click Element" library="SeleniumLibrary">
<arg>${children_field}</arg>
<doc>Click the element identified by ``locator``.</doc>
<msg timestamp="20241221 08:33:48.873" level="INFO">Clicking element '//div[@class="gstSlct"]/span[@data-testid="children_count"]'.</msg>
<status status="PASS" starttime="20241221 08:33:48.873" endtime="20241221 08:33:48.951"/>
</kw>
<kw name="Convert To String" library="BuiltIn">
<var>${no_of_children}</var>
<arg>${my_dict.NoOfChildren}</arg>
<doc>Converts the given item to a Unicode string.</doc>
<msg timestamp="20241221 08:33:48.951" level="INFO">${no_of_children} = 2</msg>
<status status="PASS" starttime="20241221 08:33:48.951" endtime="20241221 08:33:48.951"/>
</kw>
<kw name="Replace String" library="String">
<var>${input_children_count}</var>
<arg>${input_children_field}</arg>
<arg>ChildrenCount</arg>
<arg>${no_of_children}</arg>
<doc>Replaces ``search_for`` in the given ``string`` with ``replace_with``.</doc>
<msg timestamp="20241221 08:33:48.952" level="INFO">${input_children_count} = //li[@data-cy="GuestSelect$$_323"][2]</msg>
<status status="PASS" starttime="20241221 08:33:48.952" endtime="20241221 08:33:48.952"/>
</kw>
<kw name="Click Element" library="SeleniumLibrary">
<arg>${input_children_count}</arg>
<doc>Click the element identified by ``locator``.</doc>
<msg timestamp="20241221 08:33:48.952" level="INFO">Clicking element '//li[@data-cy="GuestSelect$$_323"][2]'.</msg>
<status status="PASS" starttime="20241221 08:33:48.952" endtime="20241221 08:33:49.021"/>
</kw>
<kw name="Get Text" library="SeleniumLibrary">
<var>${children_count}</var>
<arg>${children_field}</arg>
<doc>Returns the text value of the element identified by ``locator``.</doc>
<msg timestamp="20241221 08:33:49.040" level="INFO">${children_count} = 1</msg>
<status status="PASS" starttime="20241221 08:33:49.021" endtime="20241221 08:33:49.040"/>
</kw>
<kw name="Click Element" library="SeleniumLibrary">
<arg>${child_age_field}</arg>
<doc>Click the element identified by ``locator``.</doc>
<msg timestamp="20241221 08:33:49.041" level="INFO">Clicking element '//div[@class="gstSlct"]/span[@data-testid="child_count"]'.</msg>
<status status="PASS" starttime="20241221 08:33:49.040" endtime="20241221 08:33:49.114"/>
</kw>
<kw name="Convert To String" library="BuiltIn">
<var>${age_of_child}</var>
<arg>${my_dict.AgeOfChild}</arg>
<doc>Converts the given item to a Unicode string.</doc>
<msg timestamp="20241221 08:33:49.114" level="INFO">${age_of_child} = 2</msg>
<status status="PASS" starttime="20241221 08:33:49.114" endtime="20241221 08:33:49.114"/>
</kw>
<kw name="Replace String" library="String">
<var>${input_child_age_count}</var>
<arg>${input_child_age_field}</arg>
<arg>ChildAge</arg>
<arg>${age_of_child}</arg>
<doc>Replaces ``search_for`` in the given ``string`` with ``replace_with``.</doc>
<msg timestamp="20241221 08:33:49.114" level="INFO">${input_child_age_count} = //li[@data-cy="GuestSelect$$_323"][2]</msg>
<status status="PASS" starttime="20241221 08:33:49.114" endtime="20241221 08:33:49.114"/>
</kw>
<kw name="Get Text" library="SeleniumLibrary">
<var>${child_age}</var>
<arg>${child_age_field}</arg>
<doc>Returns the text value of the element identified by ``locator``.</doc>
<msg timestamp="20241221 08:33:49.134" level="INFO">${child_age} = Select</msg>
<status status="PASS" starttime="20241221 08:33:49.114" endtime="20241221 08:33:49.134"/>
</kw>
<kw name="Click Element" library="SeleniumLibrary">
<arg>${input_child_age_count}</arg>
<doc>Click the element identified by ``locator``.</doc>
<msg timestamp="20241221 08:33:49.135" level="INFO">Clicking element '//li[@data-cy="GuestSelect$$_323"][2]'.</msg>
<status status="PASS" starttime="20241221 08:33:49.134" endtime="20241221 08:33:49.201"/>
</kw>
<kw name="Click Element" library="SeleniumLibrary">
<arg>${apply_button}</arg>
<doc>Click the element identified by ``locator``.</doc>
<msg timestamp="20241221 08:33:49.201" level="INFO">Clicking element '//button[text()="Apply"]'.</msg>
<status status="PASS" starttime="20241221 08:33:49.201" endtime="20241221 08:33:49.286"/>
</kw>
<return>
<value>${room_count}</value>
<value>${children_count}</value>
<status status="PASS" starttime="20241221 08:33:49.286" endtime="20241221 08:33:49.286"/>
</return>
<msg timestamp="20241221 08:33:49.286" level="INFO">${room_count} = 2</msg>
<msg timestamp="20241221 08:33:49.286" level="INFO">${children_count} = 1</msg>
<status status="PASS" starttime="20241221 08:33:48.655" endtime="20241221 08:33:49.286"/>
</kw>
<kw name="Click On Search Button" library="search_keyword">
<kw name="Wait Until Element Is Visible" library="SeleniumLibrary">
<arg>${search_button}</arg>
<doc>Waits until the element ``locator`` is visible.</doc>
<status status="PASS" starttime="20241221 08:33:49.286" endtime="20241221 08:33:49.325"/>
</kw>
<kw name="Click Element" library="SeleniumLibrary">
<arg>${search_button}</arg>
<doc>Click the element identified by ``locator``.</doc>
<msg timestamp="20241221 08:33:49.325" level="INFO">Clicking element '//button[text()="Search"]'.</msg>
<status status="PASS" starttime="20241221 08:33:49.325" endtime="20241221 08:33:54.858"/>
</kw>
<status status="PASS" starttime="20241221 08:33:49.286" endtime="20241221 08:33:54.858"/>
</kw>
<kw name="Verify Hotel Search Results" library="search_keyword">
<arg>${room_count}</arg>
<arg>${children_count}</arg>
<arg>${search_data}</arg>
<kw name="Create Dictionary" library="BuiltIn">
<var>${my_dict}</var>
<arg>&amp;{search_data}</arg>
<doc>Creates and returns a dictionary based on the given ``items``.</doc>
<msg timestamp="20241221 08:33:54.859" level="INFO">${my_dict} = {'TC_ID': 'TC_02', 'City': 'Delhi', 'Month': 'December', 'CheckInDate': 29, 'CheckOutDate': 30, 'Room': 2, 'NoOfAdult': 2, 'NoOfChildren': 2, 'AgeOfChild': 2, 'Class': 'Economy', 'SelectPrefereedAirli...</msg>
<status status="PASS" starttime="20241221 08:33:54.859" endtime="20241221 08:33:54.859"/>
</kw>
<kw name="Sleep" library="BuiltIn">
<arg>3s</arg>
<doc>Pauses the test executed for the given time.</doc>
<msg timestamp="20241221 08:33:57.859" level="INFO">Slept 3 seconds</msg>
<status status="PASS" starttime="20241221 08:33:54.859" endtime="20241221 08:33:57.859"/>
</kw>
<kw name="Page Should Contain" library="SeleniumLibrary">
<arg>Showing Properties</arg>
<doc>Verifies that current page contains ``text``.</doc>
<msg timestamp="20241221 08:33:57.887" level="INFO">Current page contains text 'Showing Properties'.</msg>
<status status="PASS" starttime="20241221 08:33:57.859" endtime="20241221 08:33:57.887"/>
</kw>
<kw name="Get Value" library="SeleniumLibrary">
<var>${city_name}</var>
<arg>${city_name}</arg>
<doc>Returns the value attribute of the element identified by ``locator``.</doc>
<msg timestamp="20241221 08:33:57.919" level="INFO">${city_name} = Delhi</msg>
<status status="PASS" starttime="20241221 08:33:57.887" endtime="20241221 08:33:57.919"/>
</kw>
<kw name="Should Be Equal As Strings" library="BuiltIn">
<arg>${city_name}</arg>
<arg>${my_dict.City}</arg>
<doc>Fails if objects are unequal after converting them to strings.</doc>
<status status="PASS" starttime="20241221 08:33:57.919" endtime="20241221 08:33:57.919"/>
</kw>
<kw name="Get Value" library="SeleniumLibrary">
<var>${check_in_date}</var>
<arg>${check_in_date_on_search_result}</arg>
<doc>Returns the value attribute of the element identified by ``locator``.</doc>
<msg timestamp="20241221 08:33:57.950" level="INFO">${check_in_date} = Sun, 29 Dec 2024</msg>
<status status="PASS" starttime="20241221 08:33:57.919" endtime="20241221 08:33:57.950"/>
</kw>
<kw name="Split String" library="String">
<var>${check_in_date_split}</var>
<arg>${check_in_date}</arg>
<arg>${space}</arg>
<doc>Splits the ``string`` using ``separator`` as a delimiter string.</doc>
<msg timestamp="20241221 08:33:57.950" level="INFO">${check_in_date_split} = ['Sun,', '29', 'Dec', '2024']</msg>
<status status="PASS" starttime="20241221 08:33:57.950" endtime="20241221 08:33:57.950"/>
</kw>
<kw name="Set Variable" library="BuiltIn">
<var>${check_in_date}</var>
<arg>${check_in_date_split[1]}</arg>
<doc>Returns the given values which can then be assigned to a variables.</doc>
<msg timestamp="20241221 08:33:57.950" level="INFO">${check_in_date} = 29</msg>
<status status="PASS" starttime="20241221 08:33:57.950" endtime="20241221 08:33:57.950"/>
</kw>
<kw name="Should Be Equal As Integers" library="BuiltIn">
<arg>${check_in_date}</arg>
<arg>${my_dict.CheckInDate}</arg>
<doc>Fails if objects are unequal after converting them to integers.</doc>
<msg timestamp="20241221 08:33:57.950" level="INFO">Argument types are:
&lt;class 'str'&gt;
&lt;class 'int'&gt;</msg>
<status status="PASS" starttime="20241221 08:33:57.950" endtime="20241221 08:33:57.950"/>
</kw>
<kw name="Get Value" library="SeleniumLibrary">
<var>${check_out_date}</var>
<arg>${check_out_date_on_search_result}</arg>
<doc>Returns the value attribute of the element identified by ``locator``.</doc>
<msg timestamp="20241221 08:33:57.991" level="INFO">${check_out_date} = Mon, 30 Dec 2024</msg>
<status status="PASS" starttime="20241221 08:33:57.950" endtime="20241221 08:33:57.991"/>
</kw>
<kw name="Split String" library="String">
<var>${check_out_date_split}</var>
<arg>${check_out_date}</arg>
<arg>${space}</arg>
<doc>Splits the ``string`` using ``separator`` as a delimiter string.</doc>
<msg timestamp="20241221 08:33:57.991" level="INFO">${check_out_date_split} = ['Mon,', '30', 'Dec', '2024']</msg>
<status status="PASS" starttime="20241221 08:33:57.991" endtime="20241221 08:33:57.991"/>
</kw>
<kw name="Set Variable" library="BuiltIn">
<var>${check_out_date}</var>
<arg>${check_out_date_split[1]}</arg>
<doc>Returns the given values which can then be assigned to a variables.</doc>
<msg timestamp="20241221 08:33:57.991" level="INFO">${check_out_date} = 30</msg>
<status status="PASS" starttime="20241221 08:33:57.991" endtime="20241221 08:33:57.991"/>
</kw>
<kw name="Should Be Equal As Integers" library="BuiltIn">
<arg>${check_out_date}</arg>
<arg>${my_dict.CheckOutDate}</arg>
<doc>Fails if objects are unequal after converting them to integers.</doc>
<msg timestamp="20241221 08:33:57.991" level="INFO">Argument types are:
&lt;class 'str'&gt;
&lt;class 'int'&gt;</msg>
<status status="PASS" starttime="20241221 08:33:57.991" endtime="20241221 08:33:57.991"/>
</kw>
<kw name="Get Value" library="SeleniumLibrary">
<var>${guest_details}</var>
<arg>${guest_details}</arg>
<doc>Returns the value attribute of the element identified by ``locator``.</doc>
<msg timestamp="20241221 08:33:58.013" level="INFO">${guest_details} = 2 Rooms, 2 Adults, 1 Child</msg>
<status status="PASS" starttime="20241221 08:33:57.991" endtime="20241221 08:33:58.013"/>
</kw>
<kw name="Split String" library="String">
<var>${guest_details_split}</var>
<arg>${guest_details}</arg>
<arg>,</arg>
<doc>Splits the ``string`` using ``separator`` as a delimiter string.</doc>
<msg timestamp="20241221 08:33:58.013" level="INFO">${guest_details_split} = ['2 Rooms', ' 2 Adults', ' 1 Child']</msg>
<status status="PASS" starttime="20241221 08:33:58.013" endtime="20241221 08:33:58.013"/>
</kw>
<kw name="Set Variable" library="BuiltIn">
<var>${room_count}</var>
<arg>${guest_details_split[0]}</arg>
<doc>Returns the given values which can then be assigned to a variables.</doc>
<msg timestamp="20241221 08:33:58.013" level="INFO">${room_count} = 2 Rooms</msg>
<status status="PASS" starttime="20241221 08:33:58.013" endtime="20241221 08:33:58.013"/>
</kw>
<kw name="Split String" library="String">
<var>${room_count}</var>
<arg>${room_count}</arg>
<arg>${space}</arg>
<doc>Splits the ``string`` using ``separator`` as a delimiter string.</doc>
<msg timestamp="20241221 08:33:58.013" level="INFO">${room_count} = ['2', 'Rooms']</msg>
<status status="PASS" starttime="20241221 08:33:58.013" endtime="20241221 08:33:58.013"/>
</kw>
<kw name="Set Variable" library="BuiltIn">
<var>${room_count}</var>
<arg>${room_count[0]}</arg>
<doc>Returns the given values which can then be assigned to a variables.</doc>
<msg timestamp="20241221 08:33:58.013" level="INFO">${room_count} = 2</msg>
<status status="PASS" starttime="20241221 08:33:58.013" endtime="20241221 08:33:58.013"/>
</kw>
<kw name="Should Be Equal As Integers" library="BuiltIn">
<arg>${room_count}</arg>
<arg>${my_dict.Room}</arg>
<doc>Fails if objects are unequal after converting them to integers.</doc>
<msg timestamp="20241221 08:33:58.013" level="INFO">Argument types are:
&lt;class 'str'&gt;
&lt;class 'int'&gt;</msg>
<status status="PASS" starttime="20241221 08:33:58.013" endtime="20241221 08:33:58.013"/>
</kw>
<kw name="Set Variable" library="BuiltIn">
<var>${adult_count}</var>
<arg>${guest_details_split[1]}</arg>
<doc>Returns the given values which can then be assigned to a variables.</doc>
<msg timestamp="20241221 08:33:58.013" level="INFO">${adult_count} =  2 Adults</msg>
<status status="PASS" starttime="20241221 08:33:58.013" endtime="20241221 08:33:58.013"/>
</kw>
<kw name="Split String" library="String">
<var>${adult_count}</var>
<arg>${adult_count}</arg>
<arg>${space}</arg>
<doc>Splits the ``string`` using ``separator`` as a delimiter string.</doc>
<msg timestamp="20241221 08:33:58.013" level="INFO">${adult_count} = ['', '2', 'Adults']</msg>
<status status="PASS" starttime="20241221 08:33:58.013" endtime="20241221 08:33:58.013"/>
</kw>
<kw name="Set Variable" library="BuiltIn">
<var>${adult_count}</var>
<arg>${adult_count[1]}</arg>
<doc>Returns the given values which can then be assigned to a variables.</doc>
<msg timestamp="20241221 08:33:58.013" level="INFO">${adult_count} = 2</msg>
<status status="PASS" starttime="20241221 08:33:58.013" endtime="20241221 08:33:58.013"/>
</kw>
<kw name="Should Be Equal As Integers" library="BuiltIn">
<arg>${adult_count}</arg>
<arg>${my_dict.NoOfAdult}</arg>
<doc>Fails if objects are unequal after converting them to integers.</doc>
<msg timestamp="20241221 08:33:58.013" level="INFO">Argument types are:
&lt;class 'str'&gt;
&lt;class 'int'&gt;</msg>
<status status="PASS" starttime="20241221 08:33:58.013" endtime="20241221 08:33:58.013"/>
</kw>
<kw name="Set Variable" library="BuiltIn">
<var>${child_count}</var>
<arg>${guest_details_split[2]}</arg>
<doc>Returns the given values which can then be assigned to a variables.</doc>
<msg timestamp="20241221 08:33:58.013" level="INFO">${child_count} =  1 Child</msg>
<status status="PASS" starttime="20241221 08:33:58.013" endtime="20241221 08:33:58.013"/>
</kw>
<kw name="Split String" library="String">
<var>${child_count}</var>
<arg>${child_count}</arg>
<arg>${space}</arg>
<doc>Splits the ``string`` using ``separator`` as a delimiter string.</doc>
<msg timestamp="20241221 08:33:58.013" level="INFO">${child_count} = ['', '1', 'Child']</msg>
<status status="PASS" starttime="20241221 08:33:58.013" endtime="20241221 08:33:58.013"/>
</kw>
<kw name="Set Variable" library="BuiltIn">
<var>${child_count}</var>
<arg>${child_count[1]}</arg>
<doc>Returns the given values which can then be assigned to a variables.</doc>
<msg timestamp="20241221 08:33:58.013" level="INFO">${child_count} = 1</msg>
<status status="PASS" starttime="20241221 08:33:58.013" endtime="20241221 08:33:58.013"/>
</kw>
<kw name="Should Be Equal As Integers" library="BuiltIn">
<arg>${child_count}</arg>
<arg>${children_count}</arg>
<doc>Fails if objects are unequal after converting them to integers.</doc>
<status status="PASS" starttime="20241221 08:33:58.013" endtime="20241221 08:33:58.013"/>
</kw>
<kw name="Page Should Contain" library="SeleniumLibrary">
<arg>${my_dict.City}</arg>
<doc>Verifies that current page contains ``text``.</doc>
<msg timestamp="20241221 08:33:58.045" level="INFO">Current page contains text 'Delhi'.</msg>
<status status="PASS" starttime="20241221 08:33:58.013" endtime="20241221 08:33:58.045"/>
</kw>
<status status="PASS" starttime="20241221 08:33:54.858" endtime="20241221 08:33:58.045"/>
</kw>
<kw name="Click On Price Filter" library="search_keyword">
<kw name="Click Element" library="SeleniumLibrary">
<arg>${checkbox_price_range}</arg>
<doc>Click the element identified by ``locator``.</doc>
<msg timestamp="20241221 08:33:58.045" level="INFO">Clicking element '//label[@for="₹ 0 - ₹ 2500"]'.</msg>
<status status="PASS" starttime="20241221 08:33:58.045" endtime="20241221 08:33:58.215"/>
</kw>
<status status="PASS" starttime="20241221 08:33:58.045" endtime="20241221 08:33:58.215"/>
</kw>
<kw name="Verify Hotel Search Results Are Displayed According To The Price Filter" library="search_keyword">
<kw name="Set Variable" library="BuiltIn">
<var>${price_min}</var>
<arg>0</arg>
<doc>Returns the given values which can then be assigned to a variables.</doc>
<msg timestamp="20241221 08:33:58.215" level="INFO">${price_min} = 0</msg>
<status status="PASS" starttime="20241221 08:33:58.215" endtime="20241221 08:33:58.215"/>
</kw>
<kw name="Set Variable" library="BuiltIn">
<var>${price_max}</var>
<arg>2000</arg>
<doc>Returns the given values which can then be assigned to a variables.</doc>
<msg timestamp="20241221 08:33:58.215" level="INFO">${price_max} = 2000</msg>
<status status="PASS" starttime="20241221 08:33:58.215" endtime="20241221 08:33:58.215"/>
</kw>
<kw name="Set Variable" library="BuiltIn">
<var>${out_of_range_flag}</var>
<arg>False</arg>
<doc>Returns the given values which can then be assigned to a variables.</doc>
<msg timestamp="20241221 08:33:58.215" level="INFO">${out_of_range_flag} = False</msg>
<status status="PASS" starttime="20241221 08:33:58.215" endtime="20241221 08:33:58.215"/>
</kw>
<kw name="Sleep" library="BuiltIn">
<arg>3s</arg>
<doc>Pauses the test executed for the given time.</doc>
<msg timestamp="20241221 08:34:01.216" level="INFO">Slept 3 seconds</msg>
<status status="PASS" starttime="20241221 08:33:58.215" endtime="20241221 08:34:01.216"/>
</kw>
<kw name="Get WebElements" library="SeleniumLibrary">
<var>${all_prices}</var>
<arg>${prices}</arg>
<doc>Returns a list of WebElement objects matching the ``locator``.</doc>
<msg timestamp="20241221 08:34:01.233" level="INFO">${all_prices} = [&lt;selenium.webdriver.remote.webelement.WebElement (session="4722b7c4e8c5731e721e887577099c57", element="f.095AB5DA85B1E1AAF1F0356E40CE8C83.d.D0A889AE8D45CB82DE3759E8B0772D2C.e.622")&gt;, &lt;selenium.webdri...</msg>
<status status="PASS" starttime="20241221 08:34:01.216" endtime="20241221 08:34:01.233"/>
</kw>
<for flavor="IN">
<var>${price_element}</var>
<value>@{all_prices}</value>
<iter>
<var name="${price_element}">&lt;selenium.webdriver.remote.webelement.WebElement (session="4722b7c4e8c5731e721e887577099c57", element="f.095AB5DA85B1E1AAF1F0356E40CE8C83.d.D0A889AE8D45CB82DE3759E8B0772D2C.e.622")&gt;</var>
<kw name="Get Text" library="SeleniumLibrary">
<var>${price_text}</var>
<arg>${price_element}</arg>
<doc>Returns the text value of the element identified by ``locator``.</doc>
<msg timestamp="20241221 08:34:01.248" level="INFO">${price_text} = ₹ 868</msg>
<status status="PASS" starttime="20241221 08:34:01.233" endtime="20241221 08:34:01.248"/>
</kw>
<kw name="Replace String" library="String">
<var>${price_text}</var>
<arg>${price_text}</arg>
<arg>₹</arg>
<arg>${EMPTY}</arg>
<doc>Replaces ``search_for`` in the given ``string`` with ``replace_with``.</doc>
<msg timestamp="20241221 08:34:01.248" level="INFO">${price_text} =  868</msg>
<status status="PASS" starttime="20241221 08:34:01.248" endtime="20241221 08:34:01.248"/>
</kw>
<kw name="Replace String" library="String">
<var>${price_text}</var>
<arg>${price_text}</arg>
<arg>,</arg>
<arg>${EMPTY}</arg>
<doc>Replaces ``search_for`` in the given ``string`` with ``replace_with``.</doc>
<msg timestamp="20241221 08:34:01.248" level="INFO">${price_text} =  868</msg>
<status status="PASS" starttime="20241221 08:34:01.248" endtime="20241221 08:34:01.248"/>
</kw>
<kw name="Convert To Number" library="BuiltIn">
<var>${price}</var>
<arg>${price_text}</arg>
<doc>Converts the given item to a floating point number.</doc>
<msg timestamp="20241221 08:34:01.248" level="INFO">${price} = 868.0</msg>
<status status="PASS" starttime="20241221 08:34:01.248" endtime="20241221 08:34:01.248"/>
</kw>
<kw name="Log" library="BuiltIn">
<arg>Price: ${price}</arg>
<doc>Logs the given message with the given level.</doc>
<msg timestamp="20241221 08:34:01.248" level="INFO">Price: 868.0</msg>
<status status="PASS" starttime="20241221 08:34:01.248" endtime="20241221 08:34:01.248"/>
</kw>
<kw name="Run Keyword If" library="BuiltIn">
<arg>not ${price_min} &lt;= ${price} &lt;= ${price_max}</arg>
<arg>Run Keywords</arg>
<arg>Log</arg>
<arg>Price out of range: ${price}</arg>
<arg>AND</arg>
<arg>Set Variable</arg>
<arg>${out_of_range_flag}</arg>
<arg>True</arg>
<doc>Runs the given keyword with the given arguments, if ``condition`` is true.</doc>
<status status="PASS" starttime="20241221 08:34:01.248" endtime="20241221 08:34:01.248"/>
</kw>
<status status="PASS" starttime="20241221 08:34:01.233" endtime="20241221 08:34:01.248"/>
</iter>
<iter>
<var name="${price_element}">&lt;selenium.webdriver.remote.webelement.WebElement (session="4722b7c4e8c5731e721e887577099c57", element="f.095AB5DA85B1E1AAF1F0356E40CE8C83.d.D0A889AE8D45CB82DE3759E8B0772D2C.e.623")&gt;</var>
<kw name="Get Text" library="SeleniumLibrary">
<var>${price_text}</var>
<arg>${price_element}</arg>
<doc>Returns the text value of the element identified by ``locator``.</doc>
<msg timestamp="20241221 08:34:01.264" level="INFO">${price_text} = ₹ 1,681</msg>
<status status="PASS" starttime="20241221 08:34:01.248" endtime="20241221 08:34:01.264"/>
</kw>
<kw name="Replace String" library="String">
<var>${price_text}</var>
<arg>${price_text}</arg>
<arg>₹</arg>
<arg>${EMPTY}</arg>
<doc>Replaces ``search_for`` in the given ``string`` with ``replace_with``.</doc>
<msg timestamp="20241221 08:34:01.264" level="INFO">${price_text} =  1,681</msg>
<status status="PASS" starttime="20241221 08:34:01.264" endtime="20241221 08:34:01.264"/>
</kw>
<kw name="Replace String" library="String">
<var>${price_text}</var>
<arg>${price_text}</arg>
<arg>,</arg>
<arg>${EMPTY}</arg>
<doc>Replaces ``search_for`` in the given ``string`` with ``replace_with``.</doc>
<msg timestamp="20241221 08:34:01.264" level="INFO">${price_text} =  1681</msg>
<status status="PASS" starttime="20241221 08:34:01.264" endtime="20241221 08:34:01.264"/>
</kw>
<kw name="Convert To Number" library="BuiltIn">
<var>${price}</var>
<arg>${price_text}</arg>
<doc>Converts the given item to a floating point number.</doc>
<msg timestamp="20241221 08:34:01.264" level="INFO">${price} = 1681.0</msg>
<status status="PASS" starttime="20241221 08:34:01.264" endtime="20241221 08:34:01.264"/>
</kw>
<kw name="Log" library="BuiltIn">
<arg>Price: ${price}</arg>
<doc>Logs the given message with the given level.</doc>
<msg timestamp="20241221 08:34:01.264" level="INFO">Price: 1681.0</msg>
<status status="PASS" starttime="20241221 08:34:01.264" endtime="20241221 08:34:01.264"/>
</kw>
<kw name="Run Keyword If" library="BuiltIn">
<arg>not ${price_min} &lt;= ${price} &lt;= ${price_max}</arg>
<arg>Run Keywords</arg>
<arg>Log</arg>
<arg>Price out of range: ${price}</arg>
<arg>AND</arg>
<arg>Set Variable</arg>
<arg>${out_of_range_flag}</arg>
<arg>True</arg>
<doc>Runs the given keyword with the given arguments, if ``condition`` is true.</doc>
<status status="PASS" starttime="20241221 08:34:01.264" endtime="20241221 08:34:01.264"/>
</kw>
<status status="PASS" starttime="20241221 08:34:01.248" endtime="20241221 08:34:01.264"/>
</iter>
<iter>
<var name="${price_element}">&lt;selenium.webdriver.remote.webelement.WebElement (session="4722b7c4e8c5731e721e887577099c57", element="f.095AB5DA85B1E1AAF1F0356E40CE8C83.d.D0A889AE8D45CB82DE3759E8B0772D2C.e.624")&gt;</var>
<kw name="Get Text" library="SeleniumLibrary">
<var>${price_text}</var>
<arg>${price_element}</arg>
<doc>Returns the text value of the element identified by ``locator``.</doc>
<msg timestamp="20241221 08:34:01.280" level="INFO">${price_text} = ₹ 1,967</msg>
<status status="PASS" starttime="20241221 08:34:01.264" endtime="20241221 08:34:01.280"/>
</kw>
<kw name="Replace String" library="String">
<var>${price_text}</var>
<arg>${price_text}</arg>
<arg>₹</arg>
<arg>${EMPTY}</arg>
<doc>Replaces ``search_for`` in the given ``string`` with ``replace_with``.</doc>
<msg timestamp="20241221 08:34:01.281" level="INFO">${price_text} =  1,967</msg>
<status status="PASS" starttime="20241221 08:34:01.280" endtime="20241221 08:34:01.281"/>
</kw>
<kw name="Replace String" library="String">
<var>${price_text}</var>
<arg>${price_text}</arg>
<arg>,</arg>
<arg>${EMPTY}</arg>
<doc>Replaces ``search_for`` in the given ``string`` with ``replace_with``.</doc>
<msg timestamp="20241221 08:34:01.281" level="INFO">${price_text} =  1967</msg>
<status status="PASS" starttime="20241221 08:34:01.281" endtime="20241221 08:34:01.281"/>
</kw>
<kw name="Convert To Number" library="BuiltIn">
<var>${price}</var>
<arg>${price_text}</arg>
<doc>Converts the given item to a floating point number.</doc>
<msg timestamp="20241221 08:34:01.281" level="INFO">${price} = 1967.0</msg>
<status status="PASS" starttime="20241221 08:34:01.281" endtime="20241221 08:34:01.281"/>
</kw>
<kw name="Log" library="BuiltIn">
<arg>Price: ${price}</arg>
<doc>Logs the given message with the given level.</doc>
<msg timestamp="20241221 08:34:01.281" level="INFO">Price: 1967.0</msg>
<status status="PASS" starttime="20241221 08:34:01.281" endtime="20241221 08:34:01.281"/>
</kw>
<kw name="Run Keyword If" library="BuiltIn">
<arg>not ${price_min} &lt;= ${price} &lt;= ${price_max}</arg>
<arg>Run Keywords</arg>
<arg>Log</arg>
<arg>Price out of range: ${price}</arg>
<arg>AND</arg>
<arg>Set Variable</arg>
<arg>${out_of_range_flag}</arg>
<arg>True</arg>
<doc>Runs the given keyword with the given arguments, if ``condition`` is true.</doc>
<status status="PASS" starttime="20241221 08:34:01.281" endtime="20241221 08:34:01.281"/>
</kw>
<status status="PASS" starttime="20241221 08:34:01.264" endtime="20241221 08:34:01.281"/>
</iter>
<iter>
<var name="${price_element}">&lt;selenium.webdriver.remote.webelement.WebElement (session="4722b7c4e8c5731e721e887577099c57", element="f.095AB5DA85B1E1AAF1F0356E40CE8C83.d.D0A889AE8D45CB82DE3759E8B0772D2C.e.625")&gt;</var>
<kw name="Get Text" library="SeleniumLibrary">
<var>${price_text}</var>
<arg>${price_element}</arg>
<doc>Returns the text value of the element identified by ``locator``.</doc>
<msg timestamp="20241221 08:34:01.281" level="INFO">${price_text} = ₹ 1,799</msg>
<status status="PASS" starttime="20241221 08:34:01.281" endtime="20241221 08:34:01.281"/>
</kw>
<kw name="Replace String" library="String">
<var>${price_text}</var>
<arg>${price_text}</arg>
<arg>₹</arg>
<arg>${EMPTY}</arg>
<doc>Replaces ``search_for`` in the given ``string`` with ``replace_with``.</doc>
<msg timestamp="20241221 08:34:01.281" level="INFO">${price_text} =  1,799</msg>
<status status="PASS" starttime="20241221 08:34:01.281" endtime="20241221 08:34:01.281"/>
</kw>
<kw name="Replace String" library="String">
<var>${price_text}</var>
<arg>${price_text}</arg>
<arg>,</arg>
<arg>${EMPTY}</arg>
<doc>Replaces ``search_for`` in the given ``string`` with ``replace_with``.</doc>
<msg timestamp="20241221 08:34:01.281" level="INFO">${price_text} =  1799</msg>
<status status="PASS" starttime="20241221 08:34:01.281" endtime="20241221 08:34:01.281"/>
</kw>
<kw name="Convert To Number" library="BuiltIn">
<var>${price}</var>
<arg>${price_text}</arg>
<doc>Converts the given item to a floating point number.</doc>
<msg timestamp="20241221 08:34:01.281" level="INFO">${price} = 1799.0</msg>
<status status="PASS" starttime="20241221 08:34:01.281" endtime="20241221 08:34:01.281"/>
</kw>
<kw name="Log" library="BuiltIn">
<arg>Price: ${price}</arg>
<doc>Logs the given message with the given level.</doc>
<msg timestamp="20241221 08:34:01.281" level="INFO">Price: 1799.0</msg>
<status status="PASS" starttime="20241221 08:34:01.281" endtime="20241221 08:34:01.281"/>
</kw>
<kw name="Run Keyword If" library="BuiltIn">
<arg>not ${price_min} &lt;= ${price} &lt;= ${price_max}</arg>
<arg>Run Keywords</arg>
<arg>Log</arg>
<arg>Price out of range: ${price}</arg>
<arg>AND</arg>
<arg>Set Variable</arg>
<arg>${out_of_range_flag}</arg>
<arg>True</arg>
<doc>Runs the given keyword with the given arguments, if ``condition`` is true.</doc>
<status status="PASS" starttime="20241221 08:34:01.281" endtime="20241221 08:34:01.296"/>
</kw>
<status status="PASS" starttime="20241221 08:34:01.281" endtime="20241221 08:34:01.296"/>
</iter>
<iter>
<var name="${price_element}">&lt;selenium.webdriver.remote.webelement.WebElement (session="4722b7c4e8c5731e721e887577099c57", element="f.095AB5DA85B1E1AAF1F0356E40CE8C83.d.D0A889AE8D45CB82DE3759E8B0772D2C.e.626")&gt;</var>
<kw name="Get Text" library="SeleniumLibrary">
<var>${price_text}</var>
<arg>${price_element}</arg>
<doc>Returns the text value of the element identified by ``locator``.</doc>
<msg timestamp="20241221 08:34:01.296" level="INFO">${price_text} = ₹ 1,690</msg>
<status status="PASS" starttime="20241221 08:34:01.296" endtime="20241221 08:34:01.296"/>
</kw>
<kw name="Replace String" library="String">
<var>${price_text}</var>
<arg>${price_text}</arg>
<arg>₹</arg>
<arg>${EMPTY}</arg>
<doc>Replaces ``search_for`` in the given ``string`` with ``replace_with``.</doc>
<msg timestamp="20241221 08:34:01.296" level="INFO">${price_text} =  1,690</msg>
<status status="PASS" starttime="20241221 08:34:01.296" endtime="20241221 08:34:01.296"/>
</kw>
<kw name="Replace String" library="String">
<var>${price_text}</var>
<arg>${price_text}</arg>
<arg>,</arg>
<arg>${EMPTY}</arg>
<doc>Replaces ``search_for`` in the given ``string`` with ``replace_with``.</doc>
<msg timestamp="20241221 08:34:01.296" level="INFO">${price_text} =  1690</msg>
<status status="PASS" starttime="20241221 08:34:01.296" endtime="20241221 08:34:01.296"/>
</kw>
<kw name="Convert To Number" library="BuiltIn">
<var>${price}</var>
<arg>${price_text}</arg>
<doc>Converts the given item to a floating point number.</doc>
<msg timestamp="20241221 08:34:01.296" level="INFO">${price} = 1690.0</msg>
<status status="PASS" starttime="20241221 08:34:01.296" endtime="20241221 08:34:01.296"/>
</kw>
<kw name="Log" library="BuiltIn">
<arg>Price: ${price}</arg>
<doc>Logs the given message with the given level.</doc>
<msg timestamp="20241221 08:34:01.296" level="INFO">Price: 1690.0</msg>
<status status="PASS" starttime="20241221 08:34:01.296" endtime="20241221 08:34:01.296"/>
</kw>
<kw name="Run Keyword If" library="BuiltIn">
<arg>not ${price_min} &lt;= ${price} &lt;= ${price_max}</arg>
<arg>Run Keywords</arg>
<arg>Log</arg>
<arg>Price out of range: ${price}</arg>
<arg>AND</arg>
<arg>Set Variable</arg>
<arg>${out_of_range_flag}</arg>
<arg>True</arg>
<doc>Runs the given keyword with the given arguments, if ``condition`` is true.</doc>
<status status="PASS" starttime="20241221 08:34:01.296" endtime="20241221 08:34:01.296"/>
</kw>
<status status="PASS" starttime="20241221 08:34:01.296" endtime="20241221 08:34:01.296"/>
</iter>
<iter>
<var name="${price_element}">&lt;selenium.webdriver.remote.webelement.WebElement (session="4722b7c4e8c5731e721e887577099c57", element="f.095AB5DA85B1E1AAF1F0356E40CE8C83.d.D0A889AE8D45CB82DE3759E8B0772D2C.e.627")&gt;</var>
<kw name="Get Text" library="SeleniumLibrary">
<var>${price_text}</var>
<arg>${price_element}</arg>
<doc>Returns the text value of the element identified by ``locator``.</doc>
<msg timestamp="20241221 08:34:01.312" level="INFO">${price_text} = ₹ 1,785</msg>
<status status="PASS" starttime="20241221 08:34:01.296" endtime="20241221 08:34:01.312"/>
</kw>
<kw name="Replace String" library="String">
<var>${price_text}</var>
<arg>${price_text}</arg>
<arg>₹</arg>
<arg>${EMPTY}</arg>
<doc>Replaces ``search_for`` in the given ``string`` with ``replace_with``.</doc>
<msg timestamp="20241221 08:34:01.312" level="INFO">${price_text} =  1,785</msg>
<status status="PASS" starttime="20241221 08:34:01.312" endtime="20241221 08:34:01.312"/>
</kw>
<kw name="Replace String" library="String">
<var>${price_text}</var>
<arg>${price_text}</arg>
<arg>,</arg>
<arg>${EMPTY}</arg>
<doc>Replaces ``search_for`` in the given ``string`` with ``replace_with``.</doc>
<msg timestamp="20241221 08:34:01.312" level="INFO">${price_text} =  1785</msg>
<status status="PASS" starttime="20241221 08:34:01.312" endtime="20241221 08:34:01.312"/>
</kw>
<kw name="Convert To Number" library="BuiltIn">
<var>${price}</var>
<arg>${price_text}</arg>
<doc>Converts the given item to a floating point number.</doc>
<msg timestamp="20241221 08:34:01.312" level="INFO">${price} = 1785.0</msg>
<status status="PASS" starttime="20241221 08:34:01.312" endtime="20241221 08:34:01.312"/>
</kw>
<kw name="Log" library="BuiltIn">
<arg>Price: ${price}</arg>
<doc>Logs the given message with the given level.</doc>
<msg timestamp="20241221 08:34:01.312" level="INFO">Price: 1785.0</msg>
<status status="PASS" starttime="20241221 08:34:01.312" endtime="20241221 08:34:01.312"/>
</kw>
<kw name="Run Keyword If" library="BuiltIn">
<arg>not ${price_min} &lt;= ${price} &lt;= ${price_max}</arg>
<arg>Run Keywords</arg>
<arg>Log</arg>
<arg>Price out of range: ${price}</arg>
<arg>AND</arg>
<arg>Set Variable</arg>
<arg>${out_of_range_flag}</arg>
<arg>True</arg>
<doc>Runs the given keyword with the given arguments, if ``condition`` is true.</doc>
<status status="PASS" starttime="20241221 08:34:01.312" endtime="20241221 08:34:01.312"/>
</kw>
<status status="PASS" starttime="20241221 08:34:01.296" endtime="20241221 08:34:01.312"/>
</iter>
<iter>
<var name="${price_element}">&lt;selenium.webdriver.remote.webelement.WebElement (session="4722b7c4e8c5731e721e887577099c57", element="f.095AB5DA85B1E1AAF1F0356E40CE8C83.d.D0A889AE8D45CB82DE3759E8B0772D2C.e.628")&gt;</var>
<kw name="Get Text" library="SeleniumLibrary">
<var>${price_text}</var>
<arg>${price_element}</arg>
<doc>Returns the text value of the element identified by ``locator``.</doc>
<msg timestamp="20241221 08:34:01.327" level="INFO">${price_text} = ₹ 2,388</msg>
<status status="PASS" starttime="20241221 08:34:01.312" endtime="20241221 08:34:01.327"/>
</kw>
<kw name="Replace String" library="String">
<var>${price_text}</var>
<arg>${price_text}</arg>
<arg>₹</arg>
<arg>${EMPTY}</arg>
<doc>Replaces ``search_for`` in the given ``string`` with ``replace_with``.</doc>
<msg timestamp="20241221 08:34:01.327" level="INFO">${price_text} =  2,388</msg>
<status status="PASS" starttime="20241221 08:34:01.327" endtime="20241221 08:34:01.327"/>
</kw>
<kw name="Replace String" library="String">
<var>${price_text}</var>
<arg>${price_text}</arg>
<arg>,</arg>
<arg>${EMPTY}</arg>
<doc>Replaces ``search_for`` in the given ``string`` with ``replace_with``.</doc>
<msg timestamp="20241221 08:34:01.327" level="INFO">${price_text} =  2388</msg>
<status status="PASS" starttime="20241221 08:34:01.327" endtime="20241221 08:34:01.327"/>
</kw>
<kw name="Convert To Number" library="BuiltIn">
<var>${price}</var>
<arg>${price_text}</arg>
<doc>Converts the given item to a floating point number.</doc>
<msg timestamp="20241221 08:34:01.327" level="INFO">${price} = 2388.0</msg>
<status status="PASS" starttime="20241221 08:34:01.327" endtime="20241221 08:34:01.327"/>
</kw>
<kw name="Log" library="BuiltIn">
<arg>Price: ${price}</arg>
<doc>Logs the given message with the given level.</doc>
<msg timestamp="20241221 08:34:01.327" level="INFO">Price: 2388.0</msg>
<status status="PASS" starttime="20241221 08:34:01.327" endtime="20241221 08:34:01.327"/>
</kw>
<kw name="Run Keyword If" library="BuiltIn">
<arg>not ${price_min} &lt;= ${price} &lt;= ${price_max}</arg>
<arg>Run Keywords</arg>
<arg>Log</arg>
<arg>Price out of range: ${price}</arg>
<arg>AND</arg>
<arg>Set Variable</arg>
<arg>${out_of_range_flag}</arg>
<arg>True</arg>
<doc>Runs the given keyword with the given arguments, if ``condition`` is true.</doc>
<kw name="Run Keywords" library="BuiltIn">
<arg>Log</arg>
<arg>Price out of range: ${price}</arg>
<arg>AND</arg>
<arg>Set Variable</arg>
<arg>${out_of_range_flag}</arg>
<arg>True</arg>
<doc>Executes all the given keywords in a sequence.</doc>
<kw name="Log" library="BuiltIn">
<arg>Price out of range: ${price}</arg>
<doc>Logs the given message with the given level.</doc>
<msg timestamp="20241221 08:34:01.327" level="INFO">Price out of range: 2388.0</msg>
<status status="PASS" starttime="20241221 08:34:01.327" endtime="20241221 08:34:01.327"/>
</kw>
<kw name="Set Variable" library="BuiltIn">
<arg>${out_of_range_flag}</arg>
<arg>True</arg>
<doc>Returns the given values which can then be assigned to a variables.</doc>
<status status="PASS" starttime="20241221 08:34:01.327" endtime="20241221 08:34:01.327"/>
</kw>
<status status="PASS" starttime="20241221 08:34:01.327" endtime="20241221 08:34:01.327"/>
</kw>
<status status="PASS" starttime="20241221 08:34:01.327" endtime="20241221 08:34:01.327"/>
</kw>
<status status="PASS" starttime="20241221 08:34:01.312" endtime="20241221 08:34:01.327"/>
</iter>
<iter>
<var name="${price_element}">&lt;selenium.webdriver.remote.webelement.WebElement (session="4722b7c4e8c5731e721e887577099c57", element="f.095AB5DA85B1E1AAF1F0356E40CE8C83.d.D0A889AE8D45CB82DE3759E8B0772D2C.e.629")&gt;</var>
<kw name="Get Text" library="SeleniumLibrary">
<var>${price_text}</var>
<arg>${price_element}</arg>
<doc>Returns the text value of the element identified by ``locator``.</doc>
<msg timestamp="20241221 08:34:01.327" level="INFO">${price_text} = ₹ 2,174</msg>
<status status="PASS" starttime="20241221 08:34:01.327" endtime="20241221 08:34:01.327"/>
</kw>
<kw name="Replace String" library="String">
<var>${price_text}</var>
<arg>${price_text}</arg>
<arg>₹</arg>
<arg>${EMPTY}</arg>
<doc>Replaces ``search_for`` in the given ``string`` with ``replace_with``.</doc>
<msg timestamp="20241221 08:34:01.327" level="INFO">${price_text} =  2,174</msg>
<status status="PASS" starttime="20241221 08:34:01.327" endtime="20241221 08:34:01.327"/>
</kw>
<kw name="Replace String" library="String">
<var>${price_text}</var>
<arg>${price_text}</arg>
<arg>,</arg>
<arg>${EMPTY}</arg>
<doc>Replaces ``search_for`` in the given ``string`` with ``replace_with``.</doc>
<msg timestamp="20241221 08:34:01.327" level="INFO">${price_text} =  2174</msg>
<status status="PASS" starttime="20241221 08:34:01.327" endtime="20241221 08:34:01.327"/>
</kw>
<kw name="Convert To Number" library="BuiltIn">
<var>${price}</var>
<arg>${price_text}</arg>
<doc>Converts the given item to a floating point number.</doc>
<msg timestamp="20241221 08:34:01.327" level="INFO">${price} = 2174.0</msg>
<status status="PASS" starttime="20241221 08:34:01.327" endtime="20241221 08:34:01.327"/>
</kw>
<kw name="Log" library="BuiltIn">
<arg>Price: ${price}</arg>
<doc>Logs the given message with the given level.</doc>
<msg timestamp="20241221 08:34:01.327" level="INFO">Price: 2174.0</msg>
<status status="PASS" starttime="20241221 08:34:01.327" endtime="20241221 08:34:01.327"/>
</kw>
<kw name="Run Keyword If" library="BuiltIn">
<arg>not ${price_min} &lt;= ${price} &lt;= ${price_max}</arg>
<arg>Run Keywords</arg>
<arg>Log</arg>
<arg>Price out of range: ${price}</arg>
<arg>AND</arg>
<arg>Set Variable</arg>
<arg>${out_of_range_flag}</arg>
<arg>True</arg>
<doc>Runs the given keyword with the given arguments, if ``condition`` is true.</doc>
<kw name="Run Keywords" library="BuiltIn">
<arg>Log</arg>
<arg>Price out of range: ${price}</arg>
<arg>AND</arg>
<arg>Set Variable</arg>
<arg>${out_of_range_flag}</arg>
<arg>True</arg>
<doc>Executes all the given keywords in a sequence.</doc>
<kw name="Log" library="BuiltIn">
<arg>Price out of range: ${price}</arg>
<doc>Logs the given message with the given level.</doc>
<msg timestamp="20241221 08:34:01.327" level="INFO">Price out of range: 2174.0</msg>
<status status="PASS" starttime="20241221 08:34:01.327" endtime="20241221 08:34:01.327"/>
</kw>
<kw name="Set Variable" library="BuiltIn">
<arg>${out_of_range_flag}</arg>
<arg>True</arg>
<doc>Returns the given values which can then be assigned to a variables.</doc>
<status status="PASS" starttime="20241221 08:34:01.327" endtime="20241221 08:34:01.327"/>
</kw>
<status status="PASS" starttime="20241221 08:34:01.327" endtime="20241221 08:34:01.327"/>
</kw>
<status status="PASS" starttime="20241221 08:34:01.327" endtime="20241221 08:34:01.327"/>
</kw>
<status status="PASS" starttime="20241221 08:34:01.327" endtime="20241221 08:34:01.327"/>
</iter>
<iter>
<var name="${price_element}">&lt;selenium.webdriver.remote.webelement.WebElement (session="4722b7c4e8c5731e721e887577099c57", element="f.095AB5DA85B1E1AAF1F0356E40CE8C83.d.D0A889AE8D45CB82DE3759E8B0772D2C.e.630")&gt;</var>
<kw name="Get Text" library="SeleniumLibrary">
<var>${price_text}</var>
<arg>${price_element}</arg>
<doc>Returns the text value of the element identified by ``locator``.</doc>
<msg timestamp="20241221 08:34:01.349" level="INFO">${price_text} = ₹ 1,731</msg>
<status status="PASS" starttime="20241221 08:34:01.327" endtime="20241221 08:34:01.349"/>
</kw>
<kw name="Replace String" library="String">
<var>${price_text}</var>
<arg>${price_text}</arg>
<arg>₹</arg>
<arg>${EMPTY}</arg>
<doc>Replaces ``search_for`` in the given ``string`` with ``replace_with``.</doc>
<msg timestamp="20241221 08:34:01.349" level="INFO">${price_text} =  1,731</msg>
<status status="PASS" starttime="20241221 08:34:01.349" endtime="20241221 08:34:01.349"/>
</kw>
<kw name="Replace String" library="String">
<var>${price_text}</var>
<arg>${price_text}</arg>
<arg>,</arg>
<arg>${EMPTY}</arg>
<doc>Replaces ``search_for`` in the given ``string`` with ``replace_with``.</doc>
<msg timestamp="20241221 08:34:01.349" level="INFO">${price_text} =  1731</msg>
<status status="PASS" starttime="20241221 08:34:01.349" endtime="20241221 08:34:01.349"/>
</kw>
<kw name="Convert To Number" library="BuiltIn">
<var>${price}</var>
<arg>${price_text}</arg>
<doc>Converts the given item to a floating point number.</doc>
<msg timestamp="20241221 08:34:01.349" level="INFO">${price} = 1731.0</msg>
<status status="PASS" starttime="20241221 08:34:01.349" endtime="20241221 08:34:01.349"/>
</kw>
<kw name="Log" library="BuiltIn">
<arg>Price: ${price}</arg>
<doc>Logs the given message with the given level.</doc>
<msg timestamp="20241221 08:34:01.349" level="INFO">Price: 1731.0</msg>
<status status="PASS" starttime="20241221 08:34:01.349" endtime="20241221 08:34:01.349"/>
</kw>
<kw name="Run Keyword If" library="BuiltIn">
<arg>not ${price_min} &lt;= ${price} &lt;= ${price_max}</arg>
<arg>Run Keywords</arg>
<arg>Log</arg>
<arg>Price out of range: ${price}</arg>
<arg>AND</arg>
<arg>Set Variable</arg>
<arg>${out_of_range_flag}</arg>
<arg>True</arg>
<doc>Runs the given keyword with the given arguments, if ``condition`` is true.</doc>
<status status="PASS" starttime="20241221 08:34:01.349" endtime="20241221 08:34:01.349"/>
</kw>
<status status="PASS" starttime="20241221 08:34:01.327" endtime="20241221 08:34:01.349"/>
</iter>
<iter>
<var name="${price_element}">&lt;selenium.webdriver.remote.webelement.WebElement (session="4722b7c4e8c5731e721e887577099c57", element="f.095AB5DA85B1E1AAF1F0356E40CE8C83.d.D0A889AE8D45CB82DE3759E8B0772D2C.e.631")&gt;</var>
<kw name="Get Text" library="SeleniumLibrary">
<var>${price_text}</var>
<arg>${price_element}</arg>
<doc>Returns the text value of the element identified by ``locator``.</doc>
<msg timestamp="20241221 08:34:01.359" level="INFO">${price_text} = ₹ 1,503</msg>
<status status="PASS" starttime="20241221 08:34:01.349" endtime="20241221 08:34:01.359"/>
</kw>
<kw name="Replace String" library="String">
<var>${price_text}</var>
<arg>${price_text}</arg>
<arg>₹</arg>
<arg>${EMPTY}</arg>
<doc>Replaces ``search_for`` in the given ``string`` with ``replace_with``.</doc>
<msg timestamp="20241221 08:34:01.359" level="INFO">${price_text} =  1,503</msg>
<status status="PASS" starttime="20241221 08:34:01.359" endtime="20241221 08:34:01.359"/>
</kw>
<kw name="Replace String" library="String">
<var>${price_text}</var>
<arg>${price_text}</arg>
<arg>,</arg>
<arg>${EMPTY}</arg>
<doc>Replaces ``search_for`` in the given ``string`` with ``replace_with``.</doc>
<msg timestamp="20241221 08:34:01.359" level="INFO">${price_text} =  1503</msg>
<status status="PASS" starttime="20241221 08:34:01.359" endtime="20241221 08:34:01.359"/>
</kw>
<kw name="Convert To Number" library="BuiltIn">
<var>${price}</var>
<arg>${price_text}</arg>
<doc>Converts the given item to a floating point number.</doc>
<msg timestamp="20241221 08:34:01.359" level="INFO">${price} = 1503.0</msg>
<status status="PASS" starttime="20241221 08:34:01.359" endtime="20241221 08:34:01.359"/>
</kw>
<kw name="Log" library="BuiltIn">
<arg>Price: ${price}</arg>
<doc>Logs the given message with the given level.</doc>
<msg timestamp="20241221 08:34:01.359" level="INFO">Price: 1503.0</msg>
<status status="PASS" starttime="20241221 08:34:01.359" endtime="20241221 08:34:01.359"/>
</kw>
<kw name="Run Keyword If" library="BuiltIn">
<arg>not ${price_min} &lt;= ${price} &lt;= ${price_max}</arg>
<arg>Run Keywords</arg>
<arg>Log</arg>
<arg>Price out of range: ${price}</arg>
<arg>AND</arg>
<arg>Set Variable</arg>
<arg>${out_of_range_flag}</arg>
<arg>True</arg>
<doc>Runs the given keyword with the given arguments, if ``condition`` is true.</doc>
<status status="PASS" starttime="20241221 08:34:01.359" endtime="20241221 08:34:01.359"/>
</kw>
<status status="PASS" starttime="20241221 08:34:01.349" endtime="20241221 08:34:01.359"/>
</iter>
<status status="PASS" starttime="20241221 08:34:01.233" endtime="20241221 08:34:01.359"/>
</for>
<kw name="Run Keyword If" library="BuiltIn">
<arg>${out_of_range_flag}</arg>
<arg>Log</arg>
<arg>Out-of-range prices: ${out_of_range_flag}</arg>
<arg>Fail</arg>
<arg>Prices are not within the range 0-2000 rupees.</arg>
<doc>Runs the given keyword with the given arguments, if ``condition`` is true.</doc>
<status status="PASS" starttime="20241221 08:34:01.359" endtime="20241221 08:34:01.359"/>
</kw>
<status status="PASS" starttime="20241221 08:33:58.215" endtime="20241221 08:34:01.359"/>
</kw>
<kw name="Close Browser" library="SeleniumLibrary" type="TEARDOWN">
<doc>Closes the current browser.</doc>
<status status="PASS" starttime="20241221 08:34:01.359" endtime="20241221 08:34:03.747"/>
</kw>
<status status="PASS" starttime="20241221 08:33:37.262" endtime="20241221 08:34:03.747"/>
</test>
<status status="PASS" starttime="20241221 08:33:36.382" endtime="20241221 08:34:03.747"/>
</suite>
<status status="PASS" starttime="20241221 08:33:36.382" endtime="20241221 08:34:03.747"/>
</suite>
<status status="PASS" starttime="20241221 08:33:36.382" endtime="20241221 08:34:03.747"/>
</suite>
<status status="PASS" starttime="20241221 08:33:36.351" endtime="20241221 08:34:03.747"/>
</suite>
<statistics>
<total>
<stat pass="1" fail="0" skip="0">All Tests</stat>
</total>
<tag>
</tag>
<suite>
<stat pass="1" fail="0" skip="0" id="s1" name="MakeMyTrip Scenarios">MakeMyTrip Scenarios</stat>
<stat pass="1" fail="0" skip="0" id="s1-s1" name="TestCases">MakeMyTrip Scenarios.TestCases</stat>
<stat pass="1" fail="0" skip="0" id="s1-s1-s1" name="Hotel">MakeMyTrip Scenarios.TestCases.Hotel</stat>
<stat pass="1" fail="0" skip="0" id="s1-s1-s1-s1" name="Search Testcases">MakeMyTrip Scenarios.TestCases.Hotel.Search Testcases</stat>
</suite>
</statistics>
<errors>
</errors>
</robot>
